<?xml version="1.0" encoding="UTF-8"?>
<!-- Generated by org.testng.reporters.JUnitReportReporter -->
<testsuite skipped="0" hostname="LAPTOP-HBS1LBPK" name="regression.TC001verifyLogin" tests="1" failures="0" timestamp="19 Sep 2020 14:20:01 GMT" time="7.163" errors="0">
  <testcase name="verifyLogin" time="7.163" classname="regression.TC001verifyLogin"/>
</testsuite> <!-- regression.TC001verifyLogin -->
