<?xml version="1.0" encoding="UTF-8"?>
<!-- Generated by org.testng.reporters.JUnitReportReporter -->
<testsuite skipped="0" hostname="LAPTOP-HBS1LBPK" name="regression.TC004PayBills" tests="1" failures="0" timestamp="27 Aug 2020 02:08:46 GMT" time="9.160" errors="0">
  <testcase name="payBills" time="9.160" classname="regression.TC004PayBills"/>
</testsuite> <!-- regression.TC004PayBills -->
