<?xml version="1.0" encoding="UTF-8"?>
<!-- Generated by org.testng.reporters.JUnitReportReporter -->
<testsuite skipped="0" hostname="LAPTOP-HBS1LBPK" name="regression.TC003verifyTransferFunds" tests="1" failures="0" timestamp="26 Aug 2020 03:54:47 GMT" time="8.349" errors="0">
  <testcase name="transferFunds" time="8.349" classname="regression.TC003verifyTransferFunds"/>
</testsuite> <!-- regression.TC003verifyTransferFunds -->
