<?xml version="1.0" encoding="UTF-8"?>
<!-- Generated by org.testng.reporters.JUnitReportReporter -->
<testsuite skipped="0" hostname="Riz-Laptop" name="regression.TC001verifyLogin" tests="1" failures="0" timestamp="03 May 2021 04:30:53 GMT" time="4.038" errors="0">
  <testcase name="verifyLogin" time="4.038" classname="regression.TC001verifyLogin"/>
</testsuite> <!-- regression.TC001verifyLogin -->
